<?xml version="1.0" encoding="UTF-8"?>
<!-- Generated by org.testng.reporters.JUnitReportReporter -->
<testsuite hostname="NUV-5CG9073Q4K" failures="0" tests="2" name="testCases.LoginPageTests" time="10.251" errors="0" timestamp="2022-01-30T23:59:49 EET" skipped="0">
  <testcase classname="testCases.LoginPageTests" name="validLoginAndTitleVerify" time="7.705"/>
  <system-out>
All Elements from Login page exist on the page Top Navigiation Items are displayed All elements on Account Summary Page are displayed Top Navigiation Items are displayed All elements on Account Summary Page are displayed Top Navigiation Items are displayed  </system-out>
  <testcase classname="testCases.LoginPageTests" name="globalSearch" time="2.546"/>
  <system-out>
All Elements from Login page exist on the page Top Navigiation Items are displayed All elements on Account Summary Page are displayed Top Navigiation Items are displayed  </system-out>
</testsuite> <!-- testCases.LoginPageTests -->
