<?xml version="1.0" encoding="UTF-8"?>
<!-- Generated by org.testng.reporters.JUnitReportReporter -->
<testsuite hostname="NUV-5CG9073Q4K" failures="0" tests="1" name="testCases.HomePageTests" time="1.809" errors="0" timestamp="2021-12-22T17:58:10 EET" skipped="0">
  <testcase classname="testCases.HomePageTests" name="globalSearch" time="1.809"/>
  <system-out/>
</testsuite> <!-- testCases.HomePageTests -->
