<?xml version="1.0" encoding="UTF-8"?>
<!-- Generated by org.testng.reporters.JUnitReportReporter -->
<testsuite hostname="2210-BGR" failures="0" tests="1" name="testCases.SignInPageTests" time="5.660" errors="0" timestamp="2021-02-15T12:47:02 EET" skipped="0">
  <testcase classname="testCases.SignInPageTests" name="validLoginAndTitleVerify" time="5.660"/>
  <system-out>
All Elements from SingIn page exist on the page Top Navigiation Items are displayed Top Navigiation Items are displayed Top Navigiation Items are displayed  </system-out>
</testsuite> <!-- testCases.SignInPageTests -->
